# JRE version: OpenJDK Runtime Environment (8.0_76-b03) (build 1.8.0_76-release-b03)
# Java VM: OpenJDK 64-Bit Server VM (25.76-b03 mixed mode windows-amd64 compressed oops)
Heap:
 PSYoungGen      total 371712K, used 59658K [0x00000000e0000000, 0x0000000100000000, 0x0000000100000000)
  eden space 340480K, 8% used [0x00000000e0000000,0x00000000e1bc4730,0x00000000f4c80000)
  from space 31232K, 99% used [0x00000000f7700000,0x00000000f957e230,0x00000000f9580000)
  to   space 43520K, 0% used [0x00000000f4c80000,0x00000000f4c80000,0x00000000f7700000)
 ParOldGen       total 151040K, used 59711K [0x00000000a0000000, 0x00000000a9380000, 0x00000000e0000000)
  object space 151040K, 39% used [0x00000000a0000000,0x00000000a3a4ff18,0x00000000a9380000)
 Metaspace       used 68173K, capacity 70244K, committed 71984K, reserved 1112064K
  class space    used 8595K, capacity 8984K, committed 9520K, reserved 1048576K
GC Heap History (10 events):
Event: 5051.682 GC heap before
{Heap before GC invocations=14 (full 3):
 PSYoungGen      total 289792K, used 271628K [0x00000000e0000000, 0x00000000f8100000, 0x0000000100000000)
  eden space 265216K, 100% used [0x00000000e0000000,0x00000000f0300000,0x00000000f0300000)
  from space 24576K, 26% used [0x00000000f1b00000,0x00000000f2143158,0x00000000f3300000)
  to   space 24576K, 0% used [0x00000000f0300000,0x00000000f0300000,0x00000000f1b00000)
 ParOldGen       total 151040K, used 40891K [0x00000000a0000000, 0x00000000a9380000, 0x00000000e0000000)
  object space 151040K, 27% used [0x00000000a0000000,0x00000000a27eed90,0x00000000a9380000)
 Metaspace       used 62440K, capacity 64884K, committed 65200K, reserved 1105920K
  class space    used 8237K, capacity 8755K, committed 8880K, reserved 1048576K
Event: 5051.729 GC heap after
Heap after GC invocations=14 (full 3):
 PSYoungGen      total 289792K, used 24554K [0x00000000e0000000, 0x00000000fa180000, 0x0000000100000000)
  eden space 265216K, 0% used [0x00000000e0000000,0x00000000e0000000,0x00000000f0300000)
  from space 24576K, 99% used [0x00000000f0300000,0x00000000f1afa988,0x00000000f1b00000)
  to   space 33280K, 0% used [0x00000000f8100000,0x00000000f8100000,0x00000000fa180000)
 ParOldGen       total 151040K, used 54782K [0x00000000a0000000, 0x00000000a9380000, 0x00000000e0000000)
  object space 151040K, 36% used [0x00000000a0000000,0x00000000a357f810,0x00000000a9380000)
 Metaspace       used 62440K, capacity 64884K, committed 65200K, reserved 1105920K
  class space    used 8237K, capacity 8755K, committed 8880K, reserved 1048576K
}
Event: 5054.823 GC heap before
{Heap before GC invocations=15 (full 3):
 PSYoungGen      total 289792K, used 289770K [0x00000000e0000000, 0x00000000fa180000, 0x0000000100000000)
  eden space 265216K, 100% used [0x00000000e0000000,0x00000000f0300000,0x00000000f0300000)
  from space 24576K, 99% used [0x00000000f0300000,0x00000000f1afa988,0x00000000f1b00000)
  to   space 33280K, 0% used [0x00000000f8100000,0x00000000f8100000,0x00000000fa180000)
 ParOldGen       total 151040K, used 54782K [0x00000000a0000000, 0x00000000a9380000, 0x00000000e0000000)
  object space 151040K, 36% used [0x00000000a0000000,0x00000000a357f810,0x00000000a9380000)
 Metaspace       used 66817K, capacity 69296K, committed 69680K, reserved 1110016K
  class space    used 8626K, capacity 9219K, committed 9264K, reserved 1048576K
Event: 5054.848 GC heap after
Heap after GC invocations=15 (full 3):
 PSYoungGen      total 374784K, used 11811K [0x00000000e0000000, 0x00000000f9680000, 0x0000000100000000)
  eden space 352768K, 0% used [0x00000000e0000000,0x00000000e0000000,0x00000000f5880000)
  from space 22016K, 53% used [0x00000000f8100000,0x00000000f8c88ce0,0x00000000f9680000)
  to   space 31744K, 0% used [0x00000000f5880000,0x00000000f5880000,0x00000000f7780000)
 ParOldGen       total 151040K, used 73428K [0x00000000a0000000, 0x00000000a9380000, 0x00000000e0000000)
  object space 151040K, 48% used [0x00000000a0000000,0x00000000a47b5130,0x00000000a9380000)
 Metaspace       used 66817K, capacity 69296K, committed 69680K, reserved 1110016K
  class space    used 8626K, capacity 9219K, committed 9264K, reserved 1048576K
}
Event: 5055.497 GC heap before
{Heap before GC invocations=16 (full 3):
 PSYoungGen      total 374784K, used 102535K [0x00000000e0000000, 0x00000000f9680000, 0x0000000100000000)
  eden space 352768K, 25% used [0x00000000e0000000,0x00000000e5898f68,0x00000000f5880000)
  from space 22016K, 53% used [0x00000000f8100000,0x00000000f8c88ce0,0x00000000f9680000)
  to   space 31744K, 0% used [0x00000000f5880000,0x00000000f5880000,0x00000000f7780000)
 ParOldGen       total 151040K, used 73428K [0x00000000a0000000, 0x00000000a9380000, 0x00000000e0000000)
  object space 151040K, 48% used [0x00000000a0000000,0x00000000a47b5130,0x00000000a9380000)
 Metaspace       used 68392K, capacity 70922K, committed 71216K, reserved 1112064K
  class space    used 8858K, capacity 9448K, committed 9520K, reserved 1048576K
Event: 5055.505 GC heap after
Heap after GC invocations=16 (full 3):
 PSYoungGen      total 358912K, used 6046K [0x00000000e0000000, 0x00000000f9580000, 0x0000000100000000)
  eden space 352768K, 0% used [0x00000000e0000000,0x00000000e0000000,0x00000000f5880000)
  from space 6144K, 98% used [0x00000000f5880000,0x00000000f5e67b18,0x00000000f5e80000)
  to   space 31232K, 0% used [0x00000000f7700000,0x00000000f7700000,0x00000000f9580000)
 ParOldGen       total 151040K, used 76665K [0x00000000a0000000, 0x00000000a9380000, 0x00000000e0000000)
  object space 151040K, 50% used [0x00000000a0000000,0x00000000a4ade578,0x00000000a9380000)
 Metaspace       used 68392K, capacity 70922K, committed 71216K, reserved 1112064K
  class space    used 8858K, capacity 9448K, committed 9520K, reserved 1048576K
}
Event: 5055.505 GC heap before
{Heap before GC invocations=17 (full 4):
 PSYoungGen      total 358912K, used 6046K [0x00000000e0000000, 0x00000000f9580000, 0x0000000100000000)
  eden space 352768K, 0% used [0x00000000e0000000,0x00000000e0000000,0x00000000f5880000)
  from space 6144K, 98% used [0x00000000f5880000,0x00000000f5e67b18,0x00000000f5e80000)
  to   space 31232K, 0% used [0x00000000f7700000,0x00000000f7700000,0x00000000f9580000)
 ParOldGen       total 151040K, used 76665K [0x00000000a0000000, 0x00000000a9380000, 0x00000000e0000000)
  object space 151040K, 50% used [0x00000000a0000000,0x00000000a4ade578,0x00000000a9380000)
 Metaspace       used 68392K, capacity 70922K, committed 71216K, reserved 1112064K
  class space    used 8858K, capacity 9448K, committed 9520K, reserved 1048576K
Event: 5055.706 GC heap after
Heap after GC invocations=17 (full 4):
 PSYoungGen      total 358912K, used 0K [0x00000000e0000000, 0x00000000f9580000, 0x0000000100000000)
  eden space 352768K, 0% used [0x00000000e0000000,0x00000000e0000000,0x00000000f5880000)
  from space 6144K, 0% used [0x00000000f5880000,0x00000000f5880000,0x00000000f5e80000)
  to   space 31232K, 0% used [0x00000000f7700000,0x00000000f7700000,0x00000000f9580000)
 ParOldGen       total 151040K, used 40318K [0x00000000a0000000, 0x00000000a9380000, 0x00000000e0000000)
  object space 151040K, 26% used [0x00000000a0000000,0x00000000a275f9d8,0x00000000a9380000)
 Metaspace       used 66345K, capacity 67962K, committed 71216K, reserved 1112064K
  class space    used 8450K, capacity 8788K, committed 9520K, reserved 1048576K
}
Event: 9986.709 GC heap before
{Heap before GC invocations=18 (full 4):
 PSYoungGen      total 358912K, used 352768K [0x00000000e0000000, 0x00000000f9580000, 0x0000000100000000)
  eden space 352768K, 100% used [0x00000000e0000000,0x00000000f5880000,0x00000000f5880000)
  from space 6144K, 0% used [0x00000000f5880000,0x00000000f5880000,0x00000000f5e80000)
  to   space 31232K, 0% used [0x00000000f7700000,0x00000000f7700000,0x00000000f9580000)
 ParOldGen       total 151040K, used 40318K [0x00000000a0000000, 0x00000000a9380000, 0x00000000e0000000)
  object space 151040K, 26% used [0x00000000a0000000,0x00000000a275f9d8,0x00000000a9380000)
 Metaspace       used 68055K, capacity 70116K, committed 71728K, reserved 1112064K
  class space    used 8591K, capacity 8984K, committed 9520K, reserved 1048576K
Event: 9986.745 GC heap after
Heap after GC invocations=18 (full 4):
 PSYoungGen      total 371712K, used 31224K [0x00000000e0000000, 0x0000000100000000, 0x0000000100000000)
  eden space 340480K, 0% used [0x00000000e0000000,0x00000000e0000000,0x00000000f4c80000)
  from space 31232K, 99% used [0x00000000f7700000,0x00000000f957e230,0x00000000f9580000)
  to   space 43520K, 0% used [0x00000000f4c80000,0x00000000f4c80000,0x00000000f7700000)
 ParOldGen       total 151040K, used 59711K [0x00000000a0000000, 0x00000000a9380000, 0x00000000e0000000)
  object space 151040K, 39% used [0x00000000a0000000,0x00000000a3a4ff18,0x00000000a9380000)
 Metaspace       used 68055K, capacity 70116K, committed 71728K, reserved 1112064K
  class space    used 8591K, capacity 8984K, committed 9520K, reserved 1048576K
}

